<?xml version="1.0" encoding="UTF-8"?>
<testsuite name="unit.test.AppTest" tests="1" skipped="0" failures="0" errors="0" timestamp="2023-09-29T19:51:44" hostname="RAISA" time="0.001">
  <properties/>
  <testcase name="appHasAGreeting()" classname="unit.test.AppTest" time="0.001"/>
  <system-out><![CDATA[]]></system-out>
  <system-err><![CDATA[]]></system-err>
</testsuite>
